<?xml version="1.0" encoding="UTF-8"?>
<!-- Generated by org.testng.reporters.JUnitXMLReporter -->
<testsuite hostname="DESKTOP-H1FEVKM" name="Validating HomePage" tests="2" failures="0" timestamp="16 Jun 2020 06:05:29 GMT" time="0.064" errors="0">
  <testcase name="@BeforeTest initialize" time="0.0" classname="Academy.HomePage">
    <failure type="java.lang.NullPointerException">
      <![CDATA[java.lang.NullPointerException
	at resources.base.initializeDriver(base.java:34)
	at Academy.HomePage.initialize(HomePage.java:29)
... Removed 22 stack frames]]>
    </failure>
  </testcase> <!-- @BeforeTest initialize -->
  <testcase name="@AfterTest teardown" time="0.0" classname="Academy.HomePage">
    <skipped/>
  </testcase> <!-- @AfterTest teardown -->
  <testcase name="basePageNavigation" time="0.006" classname="Academy.HomePage">
    <skipped/>
  </testcase> <!-- basePageNavigation -->
  <testcase name="basePageNavigation" time="0.013" classname="Academy.HomePage">
    <skipped/>
  </testcase> <!-- basePageNavigation -->
</testsuite> <!-- Validating HomePage -->
