<?xml version="1.0" encoding="UTF-8"?>
<!-- Generated by org.testng.reporters.JUnitXMLReporter -->
<testsuite hostname="DESKTOP-H1FEVKM" name="Validating contact" tests="1" failures="0" timestamp="16 Jun 2020 06:05:29 GMT" time="0.044" errors="0">
  <testcase name="@BeforeTest initialize" time="0.0" classname="Academy.validateContact">
    <failure type="java.lang.NullPointerException">
      <![CDATA[java.lang.NullPointerException
	at resources.base.initializeDriver(base.java:34)
	at Academy.validateContact.initialize(validateContact.java:35)
... Removed 22 stack frames]]>
    </failure>
  </testcase> <!-- @BeforeTest initialize -->
  <testcase name="@AfterTest teardown" time="0.0" classname="Academy.validateContact">
    <skipped/>
  </testcase> <!-- @AfterTest teardown -->
  <testcase name="validateAppContact" time="0.004" classname="Academy.validateContact">
    <skipped/>
  </testcase> <!-- validateAppContact -->
</testsuite> <!-- Validating contact -->
