<?xml version="1.0" encoding="UTF-8"?>
<!-- Generated by org.testng.reporters.JUnitXMLReporter -->
<testsuite hostname="DESKTOP-H1FEVKM" name="Validating Title" tests="1" failures="0" timestamp="16 Jun 2020 06:05:29 GMT" time="0.039" errors="0">
  <testcase name="@BeforeTest initialize" time="0.0" classname="Academy.validateTitle">
    <failure type="java.lang.NullPointerException">
      <![CDATA[java.lang.NullPointerException
	at resources.base.initializeDriver(base.java:34)
	at Academy.validateTitle.initialize(validateTitle.java:31)
... Removed 22 stack frames]]>
    </failure>
  </testcase> <!-- @BeforeTest initialize -->
  <testcase name="@AfterTest teardown" time="0.0" classname="Academy.validateTitle">
    <skipped/>
  </testcase> <!-- @AfterTest teardown -->
  <testcase name="validateAppTitle" time="0.007" classname="Academy.validateTitle">
    <skipped/>
  </testcase> <!-- validateAppTitle -->
</testsuite> <!-- Validating Title -->
