<?xml version="1.0" encoding="UTF-8"?>
<!-- Generated by org.testng.reporters.JUnitXMLReporter -->
<testsuite hostname="DESKTOP-H1FEVKM" name="Test" tests="5" failures="0" timestamp="19 May 2020 07:30:57 GMT" time="140.843" errors="0">
  <testcase name="shouldAnswerWithTrue" time="0.036" classname="Academy.AppTest"/>
  <testcase name="basePageNavigation" time="0.929" classname="Academy.validateContact"/>
  <testcase name="basePageNavigation" time="51.764" classname="Academy.HomePage"/>
  <testcase name="basePageNavigation" time="14.316" classname="Academy.HomePage"/>
  <testcase name="basePageNavigation" time="0.065" classname="Academy.validateTitle"/>
</testsuite> <!-- Test -->
