<?xml version="1.0" encoding="UTF-8"?>
<testng-results skipped="4" failed="0" total="5" passed="1">
  <reporter-output>
  </reporter-output>
  <suite name="Suite" duration-ms="1412" started-at="2020-06-16T06:05:28Z" finished-at="2020-06-16T06:05:29Z">
    <groups>
    </groups>
    <test name="AppTesting" duration-ms="77" started-at="2020-06-16T06:05:28Z" finished-at="2020-06-16T06:05:28Z">
      <class name="Academy.AppTest">
        <test-method status="PASS" signature="shouldAnswerWithTrue()[pri:0, instance:Academy.AppTest@61862a7f]" name="shouldAnswerWithTrue" duration-ms="29" started-at="2020-06-16T02:05:28Z" finished-at="2020-06-16T02:05:28Z">
          <reporter-output>
          </reporter-output>
        </test-method> <!-- shouldAnswerWithTrue -->
      </class> <!-- Academy.AppTest -->
    </test> <!-- AppTesting -->
    <test name="Validating contact" duration-ms="44" started-at="2020-06-16T06:05:29Z" finished-at="2020-06-16T06:05:29Z">
      <class name="Academy.validateContact">
        <test-method status="FAIL" signature="initialize()[pri:0, instance:Academy.validateContact@35a3d49f]" name="initialize" is-config="true" duration-ms="0" started-at="2020-06-16T02:05:29Z" finished-at="2020-06-16T02:05:29Z">
          <exception class="java.lang.NullPointerException">
            <full-stacktrace>
              <![CDATA[java.lang.NullPointerException
	at resources.base.initializeDriver(base.java:34)
	at Academy.validateContact.initialize(validateContact.java:35)
	at sun.reflect.NativeMethodAccessorImpl.invoke0(Native Method)
	at sun.reflect.NativeMethodAccessorImpl.invoke(NativeMethodAccessorImpl.java:62)
	at sun.reflect.DelegatingMethodAccessorImpl.invoke(DelegatingMethodAccessorImpl.java:43)
	at java.lang.reflect.Method.invoke(Method.java:498)
	at org.testng.internal.MethodInvocationHelper.invokeMethod(MethodInvocationHelper.java:80)
	at org.testng.internal.Invoker.invokeConfigurationMethod(Invoker.java:564)
	at org.testng.internal.Invoker.invokeConfigurations(Invoker.java:213)
	at org.testng.internal.Invoker.invokeConfigurations(Invoker.java:138)
	at org.testng.TestRunner.beforeRun(TestRunner.java:641)
	at org.testng.TestRunner.run(TestRunner.java:609)
	at org.testng.SuiteRunner.runTest(SuiteRunner.java:334)
	at org.testng.SuiteRunner.runSequentially(SuiteRunner.java:329)
	at org.testng.SuiteRunner.privateRun(SuiteRunner.java:291)
	at org.testng.SuiteRunner.run(SuiteRunner.java:240)
	at org.testng.SuiteRunnerWorker.runSuite(SuiteRunnerWorker.java:52)
	at org.testng.SuiteRunnerWorker.run(SuiteRunnerWorker.java:86)
	at org.testng.TestNG.runSuitesSequentially(TestNG.java:1198)
	at org.testng.TestNG.runSuitesLocally(TestNG.java:1123)
	at org.testng.TestNG.run(TestNG.java:1031)
	at org.testng.remote.AbstractRemoteTestNG.run(AbstractRemoteTestNG.java:115)
	at org.testng.remote.RemoteTestNG.initAndRun(RemoteTestNG.java:251)
	at org.testng.remote.RemoteTestNG.main(RemoteTestNG.java:77)
]]>
            </full-stacktrace>
          </exception> <!-- java.lang.NullPointerException -->
          <reporter-output>
          </reporter-output>
        </test-method> <!-- initialize -->
        <test-method status="SKIP" signature="validateAppContact()[pri:0, instance:Academy.validateContact@35a3d49f]" name="validateAppContact" duration-ms="4" started-at="2020-06-16T02:05:29Z" finished-at="2020-06-16T02:05:29Z">
          <reporter-output>
          </reporter-output>
        </test-method> <!-- validateAppContact -->
        <test-method status="SKIP" signature="teardown()[pri:0, instance:Academy.validateContact@35a3d49f]" name="teardown" is-config="true" duration-ms="0" started-at="2020-06-16T02:05:29Z" finished-at="2020-06-16T02:05:29Z">
          <reporter-output>
          </reporter-output>
        </test-method> <!-- teardown -->
      </class> <!-- Academy.validateContact -->
    </test> <!-- Validating contact -->
    <test name="Validating HomePage" duration-ms="64" started-at="2020-06-16T06:05:29Z" finished-at="2020-06-16T06:05:29Z">
      <class name="Academy.HomePage">
        <test-method status="FAIL" signature="initialize()[pri:0, instance:Academy.HomePage@456d6c1e]" name="initialize" is-config="true" duration-ms="0" started-at="2020-06-16T02:05:29Z" finished-at="2020-06-16T02:05:29Z">
          <exception class="java.lang.NullPointerException">
            <full-stacktrace>
              <![CDATA[java.lang.NullPointerException
	at resources.base.initializeDriver(base.java:34)
	at Academy.HomePage.initialize(HomePage.java:29)
	at sun.reflect.NativeMethodAccessorImpl.invoke0(Native Method)
	at sun.reflect.NativeMethodAccessorImpl.invoke(NativeMethodAccessorImpl.java:62)
	at sun.reflect.DelegatingMethodAccessorImpl.invoke(DelegatingMethodAccessorImpl.java:43)
	at java.lang.reflect.Method.invoke(Method.java:498)
	at org.testng.internal.MethodInvocationHelper.invokeMethod(MethodInvocationHelper.java:80)
	at org.testng.internal.Invoker.invokeConfigurationMethod(Invoker.java:564)
	at org.testng.internal.Invoker.invokeConfigurations(Invoker.java:213)
	at org.testng.internal.Invoker.invokeConfigurations(Invoker.java:138)
	at org.testng.TestRunner.beforeRun(TestRunner.java:641)
	at org.testng.TestRunner.run(TestRunner.java:609)
	at org.testng.SuiteRunner.runTest(SuiteRunner.java:334)
	at org.testng.SuiteRunner.runSequentially(SuiteRunner.java:329)
	at org.testng.SuiteRunner.privateRun(SuiteRunner.java:291)
	at org.testng.SuiteRunner.run(SuiteRunner.java:240)
	at org.testng.SuiteRunnerWorker.runSuite(SuiteRunnerWorker.java:52)
	at org.testng.SuiteRunnerWorker.run(SuiteRunnerWorker.java:86)
	at org.testng.TestNG.runSuitesSequentially(TestNG.java:1198)
	at org.testng.TestNG.runSuitesLocally(TestNG.java:1123)
	at org.testng.TestNG.run(TestNG.java:1031)
	at org.testng.remote.AbstractRemoteTestNG.run(AbstractRemoteTestNG.java:115)
	at org.testng.remote.RemoteTestNG.initAndRun(RemoteTestNG.java:251)
	at org.testng.remote.RemoteTestNG.main(RemoteTestNG.java:77)
]]>
            </full-stacktrace>
          </exception> <!-- java.lang.NullPointerException -->
          <reporter-output>
          </reporter-output>
        </test-method> <!-- initialize -->
        <test-method status="SKIP" signature="basePageNavigation(java.lang.String, java.lang.String, java.lang.String)[pri:0, instance:Academy.HomePage@456d6c1e]" name="basePageNavigation" duration-ms="6" started-at="2020-06-16T02:05:29Z" data-provider="getData" finished-at="2020-06-16T02:05:29Z">
          <params>
            <param index="0">
              <value>
                <![CDATA[nonrestricteduser@qw.com]]>
              </value>
            </param>
            <param index="1">
              <value>
                <![CDATA[12345]]>
              </value>
            </param>
            <param index="2">
              <value>
                <![CDATA[Restricted User]]>
              </value>
            </param>
          </params>
          <reporter-output>
          </reporter-output>
        </test-method> <!-- basePageNavigation -->
        <test-method status="SKIP" signature="basePageNavigation(java.lang.String, java.lang.String, java.lang.String)[pri:0, instance:Academy.HomePage@456d6c1e]" name="basePageNavigation" duration-ms="13" started-at="2020-06-16T02:05:29Z" data-provider="getData" finished-at="2020-06-16T02:05:29Z">
          <params>
            <param index="0">
              <value>
                <![CDATA[Restricteduser@qw.com]]>
              </value>
            </param>
            <param index="1">
              <value>
                <![CDATA[56789]]>
              </value>
            </param>
            <param index="2">
              <value>
                <![CDATA[Non restricted User]]>
              </value>
            </param>
          </params>
          <reporter-output>
          </reporter-output>
        </test-method> <!-- basePageNavigation -->
        <test-method status="SKIP" signature="teardown()[pri:0, instance:Academy.HomePage@456d6c1e]" name="teardown" is-config="true" duration-ms="0" started-at="2020-06-16T02:05:29Z" finished-at="2020-06-16T02:05:29Z">
          <reporter-output>
          </reporter-output>
        </test-method> <!-- teardown -->
      </class> <!-- Academy.HomePage -->
    </test> <!-- Validating HomePage -->
    <test name="Validating Title" duration-ms="39" started-at="2020-06-16T06:05:29Z" finished-at="2020-06-16T06:05:29Z">
      <class name="Academy.validateTitle">
        <test-method status="FAIL" signature="initialize()[pri:0, instance:Academy.validateTitle@e25951c]" name="initialize" is-config="true" duration-ms="0" started-at="2020-06-16T02:05:29Z" finished-at="2020-06-16T02:05:29Z">
          <exception class="java.lang.NullPointerException">
            <full-stacktrace>
              <![CDATA[java.lang.NullPointerException
	at resources.base.initializeDriver(base.java:34)
	at Academy.validateTitle.initialize(validateTitle.java:31)
	at sun.reflect.NativeMethodAccessorImpl.invoke0(Native Method)
	at sun.reflect.NativeMethodAccessorImpl.invoke(NativeMethodAccessorImpl.java:62)
	at sun.reflect.DelegatingMethodAccessorImpl.invoke(DelegatingMethodAccessorImpl.java:43)
	at java.lang.reflect.Method.invoke(Method.java:498)
	at org.testng.internal.MethodInvocationHelper.invokeMethod(MethodInvocationHelper.java:80)
	at org.testng.internal.Invoker.invokeConfigurationMethod(Invoker.java:564)
	at org.testng.internal.Invoker.invokeConfigurations(Invoker.java:213)
	at org.testng.internal.Invoker.invokeConfigurations(Invoker.java:138)
	at org.testng.TestRunner.beforeRun(TestRunner.java:641)
	at org.testng.TestRunner.run(TestRunner.java:609)
	at org.testng.SuiteRunner.runTest(SuiteRunner.java:334)
	at org.testng.SuiteRunner.runSequentially(SuiteRunner.java:329)
	at org.testng.SuiteRunner.privateRun(SuiteRunner.java:291)
	at org.testng.SuiteRunner.run(SuiteRunner.java:240)
	at org.testng.SuiteRunnerWorker.runSuite(SuiteRunnerWorker.java:52)
	at org.testng.SuiteRunnerWorker.run(SuiteRunnerWorker.java:86)
	at org.testng.TestNG.runSuitesSequentially(TestNG.java:1198)
	at org.testng.TestNG.runSuitesLocally(TestNG.java:1123)
	at org.testng.TestNG.run(TestNG.java:1031)
	at org.testng.remote.AbstractRemoteTestNG.run(AbstractRemoteTestNG.java:115)
	at org.testng.remote.RemoteTestNG.initAndRun(RemoteTestNG.java:251)
	at org.testng.remote.RemoteTestNG.main(RemoteTestNG.java:77)
]]>
            </full-stacktrace>
          </exception> <!-- java.lang.NullPointerException -->
          <reporter-output>
          </reporter-output>
        </test-method> <!-- initialize -->
        <test-method status="SKIP" signature="validateAppTitle()[pri:0, instance:Academy.validateTitle@e25951c]" name="validateAppTitle" duration-ms="7" started-at="2020-06-16T02:05:29Z" finished-at="2020-06-16T02:05:29Z">
          <reporter-output>
          </reporter-output>
        </test-method> <!-- validateAppTitle -->
        <test-method status="SKIP" signature="teardown()[pri:0, instance:Academy.validateTitle@e25951c]" name="teardown" is-config="true" duration-ms="0" started-at="2020-06-16T02:05:29Z" finished-at="2020-06-16T02:05:29Z">
          <reporter-output>
          </reporter-output>
        </test-method> <!-- teardown -->
      </class> <!-- Academy.validateTitle -->
    </test> <!-- Validating Title -->
  </suite> <!-- Suite -->
</testng-results>
